
Showing logs for build [32mcb-kubecd-environment-pr-204-5-6pdxc-1[0m stage [32mfrom-build-pack[0m and container [32mstep-credential-initializer-lngf4[0m
{"level":"info","ts":1587100714.6991262,"logger":"fallback-logger","caller":"logging/config.go:69","msg":"Fetch GitHub commit ID from kodata failed: open /var/run/ko/refs/heads/0.8.0-ns-support: no such file or directory"}
{"level":"info","ts":1587100714.6997936,"logger":"fallback-logger","caller":"creds-init/main.go:40","msg":"Credentials initialized."}

Showing logs for build [32mcb-kubecd-environment-pr-204-5-6pdxc-1[0m stage [32mfrom-build-pack[0m and container [32mstep-working-dir-initializer-lf7ll[0m
{"level":"info","ts":1587100716.8291516,"logger":"fallback-logger","caller":"logging/config.go:69","msg":"Fetch GitHub commit ID from kodata failed: open /var/run/ko/HEAD: no such file or directory"}
{"level":"info","ts":1587100716.8334582,"logger":"fallback-logger","caller":"bash/main.go:64","msg":"Successfully executed command \"sh -c mkdir -p /workspace/source\"; output "}

Showing logs for build [32mcb-kubecd-environment-pr-204-5-6pdxc-1[0m stage [32mfrom-build-pack[0m and container [32mstep-place-tools[0m

Showing logs for build [32mcb-kubecd-environment-pr-204-5-6pdxc-1[0m stage [32mfrom-build-pack[0m and container [32mstep-git-source-cb-kubecd-environment-pr-204-5-6pdxc-x7px4[0m
{"level":"info","ts":1587100733.97888,"logger":"fallback-logger","caller":"logging/config.go:69","msg":"Fetch GitHub commit ID from kodata failed: open /var/run/ko/refs/heads/0.8.0-ns-support: no such file or directory"}
{"level":"info","ts":1587100735.0417495,"logger":"fallback-logger","caller":"git/git.go:103","msg":"Successfully cloned https://github.com/cb-kubecd/environment-pr-204-5-boot-gke-staging.git @ master in path /workspace/source"}

Showing logs for build [32mcb-kubecd-environment-pr-204-5-6pdxc-1[0m stage [32mfrom-build-pack[0m and container [32mstep-git-merge[0m
Using SHAs from PULL_REFS=master:9ebb7b8205d7c4697fcf0eba7beb455268749f58,5:8907d53f0d018f2b07cee56bab1685e5f0d2c974
DEBUG: LC_ALL=C JX_LOG_LEVEL=error git fetch origin --unshallow 8907d53f0d018f2b07cee56bab1685e5f0d2c974: 9ebb7b8205d7c4697fcf0eba7beb455268749f58:
DEBUG: ran git fetch --unshallow origin 8907d53f0d018f2b07cee56bab1685e5f0d2c974: 9ebb7b8205d7c4697fcf0eba7beb455268749f58: in 
DEBUG: JX_LOG_LEVEL=error LC_ALL=C git branch
DEBUG: LC_ALL=C JX_LOG_LEVEL=error git checkout master
DEBUG: ran git checkout master in 
DEBUG: LC_ALL=C JX_LOG_LEVEL=error git reset --hard 9ebb7b8205d7c4697fcf0eba7beb455268749f58
DEBUG: ran git reset --hard 9ebb7b8205d7c4697fcf0eba7beb455268749f58 in 
DEBUG: LC_ALL=C JX_LOG_LEVEL=error git clean -fd .
DEBUG: ran clean --force -d . in 
DEBUG: LC_ALL=C JX_LOG_LEVEL=error git merge 8907d53f0d018f2b07cee56bab1685e5f0d2c974
DEBUG: ran git merge 8907d53f0d018f2b07cee56bab1685e5f0d2c974 in 
DEBUG: LC_ALL=C JX_LOG_LEVEL=error git log --format=%H%x1f%an%x1f%ae%x1f%cn%x1f%ce%x1f%s%n%b%x1e 9ebb7b8205d7c4697fcf0eba7beb455268749f58..HEAD
Merged SHA 8907d53f0d018f2b07cee56bab1685e5f0d2c974 with commit message 'chore: Promote bdd-ghf**y-import-1587100513 to version 0.0.1' into base branch master

Showing logs for build [32mcb-kubecd-environment-pr-204-5-6pdxc-1[0m stage [32mfrom-build-pack[0m and container [32mstep-build-helm-build[0m
WARNING: No $CHART_REPOSITORY defined so using the default value of: http://jenkins-x-chartmuseum:8080
Adding missing Helm repo: storage.googleapis.com https://storage.googleapis.com/chartmuseum.jenkins-x.io
WARNING: No secrets found on "helm/repos" due: reading the secret "helm/repos" from vault: no secret "helm/repos" not found in vault
Read credentials for https://storage.googleapis.com/chartmuseum.jenkins-x.io from vault helm/repos
Successfully added Helm repository storage.googleapis.com.
Adding missing Helm repo: jenkins-x-chartmuseum http://jenkins-x-chartmuseum:8080
WARNING: No secrets found on "helm/repos" due: reading the secret "helm/repos" from vault: no secret "helm/repos" not found in vault
Read credentials for http://jenkins-x-chartmuseum:8080 from vault helm/repos
Successfully added Helm repository jenkins-x-chartmuseum.
WARNING: No $CHART_REPOSITORY defined so using the default value of: http://jenkins-x-chartmuseum:8080
Adding missing Helm repo: chartmuseum.jenkins-x.io http://chartmuseum.jenkins-x.io
WARNING: No secrets found on "helm/repos" due: reading the secret "helm/repos" from vault: no secret "helm/repos" not found in vault
Read credentials for http://chartmuseum.jenkins-x.io from vault helm/repos
Successfully added Helm repository chartmuseum.jenkins-x.io.
