
Showing logs for build [32mcb-kubecd-environment-pr-204-5-nqrrf-1[0m stage [32mfrom-build-pack[0m and container [32mstep-credential-initializer-cxb9q[0m
{"level":"info","ts":1587097680.361594,"logger":"fallback-logger","caller":"logging/config.go:69","msg":"Fetch GitHub commit ID from kodata failed: open /var/run/ko/refs/heads/0.8.0-ns-support: no such file or directory"}
{"level":"info","ts":1587097680.3643286,"logger":"fallback-logger","caller":"creds-init/main.go:40","msg":"Credentials initialized."}

Showing logs for build [32mcb-kubecd-environment-pr-204-5-nqrrf-1[0m stage [32mfrom-build-pack[0m and container [32mstep-working-dir-initializer-wxbzm[0m
{"level":"info","ts":1587097681.386066,"logger":"fallback-logger","caller":"logging/config.go:69","msg":"Fetch GitHub commit ID from kodata failed: open /var/run/ko/HEAD: no such file or directory"}
{"level":"info","ts":1587097681.3912919,"logger":"fallback-logger","caller":"bash/main.go:64","msg":"Successfully executed command \"sh -c mkdir -p /workspace/source\"; output "}

Showing logs for build [32mcb-kubecd-environment-pr-204-5-nqrrf-1[0m stage [32mfrom-build-pack[0m and container [32mstep-place-tools[0m

Showing logs for build [32mcb-kubecd-environment-pr-204-5-nqrrf-1[0m stage [32mfrom-build-pack[0m and container [32mstep-git-source-cb-kubecd-environment-pr-204-5-nqrrf-vd5l8[0m
{"level":"info","ts":1587097687.4212575,"logger":"fallback-logger","caller":"logging/config.go:69","msg":"Fetch GitHub commit ID from kodata failed: open /var/run/ko/refs/heads/0.8.0-ns-support: no such file or directory"}
{"level":"info","ts":1587097688.5015008,"logger":"fallback-logger","caller":"git/git.go:103","msg":"Successfully cloned https://github.com/cb-kubecd/environment-pr-204-5-boot-gke-staging.git @ master in path /workspace/source"}

Showing logs for build [32mcb-kubecd-environment-pr-204-5-nqrrf-1[0m stage [32mfrom-build-pack[0m and container [32mstep-git-merge[0m
Using SHAs from PULL_REFS=master:c635b30d7815cd415f9ae1e6cc46baff2e82a7f9,1:caf880c0636d2a141917d504454dbfa60fadfca3
DEBUG: JX_LOG_LEVEL=error LC_ALL=C git fetch origin --unshallow caf880c0636d2a141917d504454dbfa60fadfca3: c635b30d7815cd415f9ae1e6cc46baff2e82a7f9:
DEBUG: ran git fetch --unshallow origin caf880c0636d2a141917d504454dbfa60fadfca3: c635b30d7815cd415f9ae1e6cc46baff2e82a7f9: in 
DEBUG: LC_ALL=C JX_LOG_LEVEL=error git branch
DEBUG: LC_ALL=C JX_LOG_LEVEL=error git checkout master
DEBUG: ran git checkout master in 
DEBUG: LC_ALL=C JX_LOG_LEVEL=error git reset --hard c635b30d7815cd415f9ae1e6cc46baff2e82a7f9
DEBUG: ran git reset --hard c635b30d7815cd415f9ae1e6cc46baff2e82a7f9 in 
DEBUG: LC_ALL=C JX_LOG_LEVEL=error git clean -fd .
DEBUG: ran clean --force -d . in 
DEBUG: LC_ALL=C JX_LOG_LEVEL=error git merge caf880c0636d2a141917d504454dbfa60fadfca3
DEBUG: ran git merge caf880c0636d2a141917d504454dbfa60fadfca3 in 
DEBUG: LC_ALL=C JX_LOG_LEVEL=error git log --format=%H%x1f%an%x1f%ae%x1f%cn%x1f%ce%x1f%s%n%b%x1e c635b30d7815cd415f9ae1e6cc46baff2e82a7f9..HEAD
Merged SHA caf880c0636d2a141917d504454dbfa60fadfca3 with commit message 'chore: Promote bdd-spring-1587097359 to version 0.0.1' into base branch master

Showing logs for build [32mcb-kubecd-environment-pr-204-5-nqrrf-1[0m stage [32mfrom-build-pack[0m and container [32mstep-build-helm-build[0m
WARNING: No $CHART_REPOSITORY defined so using the default value of: http://jenkins-x-chartmuseum:8080
Adding missing Helm repo: storage.googleapis.com https://storage.googleapis.com/chartmuseum.jenkins-x.io
WARNING: No secrets found on "helm/repos" due: reading the secret "helm/repos" from vault: no secret "helm/repos" not found in vault
Read credentials for https://storage.googleapis.com/chartmuseum.jenkins-x.io from vault helm/repos
Successfully added Helm repository storage.googleapis.com.
Adding missing Helm repo: jenkins-x-chartmuseum http://jenkins-x-chartmuseum:8080
WARNING: No secrets found on "helm/repos" due: reading the secret "helm/repos" from vault: no secret "helm/repos" not found in vault
Read credentials for http://jenkins-x-chartmuseum:8080 from vault helm/repos
Successfully added Helm repository jenkins-x-chartmuseum.
WARNING: No $CHART_REPOSITORY defined so using the default value of: http://jenkins-x-chartmuseum:8080
Adding missing Helm repo: chartmuseum.jenkins-x.io http://chartmuseum.jenkins-x.io
WARNING: No secrets found on "helm/repos" due: reading the secret "helm/repos" from vault: no secret "helm/repos" not found in vault
Read credentials for http://chartmuseum.jenkins-x.io from vault helm/repos
Successfully added Helm repository chartmuseum.jenkins-x.io.
