
Showing logs for build [32mcb-kubecd-environment-pr-204-5-ns6dl-1[0m stage [32mfrom-build-pack[0m and container [32mstep-credential-initializer-pbc9v[0m
{"level":"info","ts":1587100086.9888701,"logger":"fallback-logger","caller":"logging/config.go:69","msg":"Fetch GitHub commit ID from kodata failed: open /var/run/ko/refs/heads/0.8.0-ns-support: no such file or directory"}
{"level":"info","ts":1587100086.9896932,"logger":"fallback-logger","caller":"creds-init/main.go:40","msg":"Credentials initialized."}

Showing logs for build [32mcb-kubecd-environment-pr-204-5-ns6dl-1[0m stage [32mfrom-build-pack[0m and container [32mstep-working-dir-initializer-wnbtg[0m
{"level":"info","ts":1587100087.9348838,"logger":"fallback-logger","caller":"logging/config.go:69","msg":"Fetch GitHub commit ID from kodata failed: open /var/run/ko/HEAD: no such file or directory"}
{"level":"info","ts":1587100087.9432337,"logger":"fallback-logger","caller":"bash/main.go:64","msg":"Successfully executed command \"sh -c mkdir -p /workspace/source\"; output "}

Showing logs for build [32mcb-kubecd-environment-pr-204-5-ns6dl-1[0m stage [32mfrom-build-pack[0m and container [32mstep-place-tools[0m

Showing logs for build [32mcb-kubecd-environment-pr-204-5-ns6dl-1[0m stage [32mfrom-build-pack[0m and container [32mstep-git-source-cb-kubecd-environment-pr-204-5-ns6dl-82xn8[0m
{"level":"info","ts":1587100092.0220792,"logger":"fallback-logger","caller":"logging/config.go:69","msg":"Fetch GitHub commit ID from kodata failed: open /var/run/ko/refs/heads/0.8.0-ns-support: no such file or directory"}
{"level":"info","ts":1587100093.0514421,"logger":"fallback-logger","caller":"git/git.go:103","msg":"Successfully cloned https://github.com/cb-kubecd/environment-pr-204-5-boot-gke-staging.git @ master in path /workspace/source"}

Showing logs for build [32mcb-kubecd-environment-pr-204-5-ns6dl-1[0m stage [32mfrom-build-pack[0m and container [32mstep-git-merge[0m
Using SHAs from PULL_REFS=master:bc4c08fcc6e8a71c4d312fdae1a02525664ad4b4,4:bb77ee8c361f1a936f43d2f7d71ce02a40f67535
DEBUG: LC_ALL=C JX_LOG_LEVEL=error git fetch origin --unshallow bb77ee8c361f1a936f43d2f7d71ce02a40f67535: bc4c08fcc6e8a71c4d312fdae1a02525664ad4b4:
DEBUG: ran git fetch --unshallow origin bb77ee8c361f1a936f43d2f7d71ce02a40f67535: bc4c08fcc6e8a71c4d312fdae1a02525664ad4b4: in 
DEBUG: LC_ALL=C JX_LOG_LEVEL=error git branch
DEBUG: LC_ALL=C JX_LOG_LEVEL=error git checkout master
DEBUG: ran git checkout master in 
DEBUG: LC_ALL=C JX_LOG_LEVEL=error git reset --hard bc4c08fcc6e8a71c4d312fdae1a02525664ad4b4
DEBUG: ran git reset --hard bc4c08fcc6e8a71c4d312fdae1a02525664ad4b4 in 
DEBUG: LC_ALL=C JX_LOG_LEVEL=error git clean -fd .
DEBUG: ran clean --force -d . in 
DEBUG: LC_ALL=C JX_LOG_LEVEL=error git merge bb77ee8c361f1a936f43d2f7d71ce02a40f67535
DEBUG: ran git merge bb77ee8c361f1a936f43d2f7d71ce02a40f67535 in 
DEBUG: LC_ALL=C JX_LOG_LEVEL=error git log --format=%H%x1f%an%x1f%ae%x1f%cn%x1f%ce%x1f%s%n%b%x1e bc4c08fcc6e8a71c4d312fdae1a02525664ad4b4..HEAD
Merged SHA bb77ee8c361f1a936f43d2f7d71ce02a40f67535 with commit message 'chore: Promote bdd-gh-1587098444 to version 0.0.1' into base branch master

Showing logs for build [32mcb-kubecd-environment-pr-204-5-ns6dl-1[0m stage [32mfrom-build-pack[0m and container [32mstep-build-helm-build[0m
WARNING: No $CHART_REPOSITORY defined so using the default value of: http://jenkins-x-chartmuseum:8080
Adding missing Helm repo: storage.googleapis.com https://storage.googleapis.com/chartmuseum.jenkins-x.io
WARNING: No secrets found on "helm/repos" due: reading the secret "helm/repos" from vault: no secret "helm/repos" not found in vault
Read credentials for https://storage.googleapis.com/chartmuseum.jenkins-x.io from vault helm/repos
Successfully added Helm repository storage.googleapis.com.
Adding missing Helm repo: jenkins-x-chartmuseum http://jenkins-x-chartmuseum:8080
WARNING: No secrets found on "helm/repos" due: reading the secret "helm/repos" from vault: no secret "helm/repos" not found in vault
Read credentials for http://jenkins-x-chartmuseum:8080 from vault helm/repos
Successfully added Helm repository jenkins-x-chartmuseum.
WARNING: No $CHART_REPOSITORY defined so using the default value of: http://jenkins-x-chartmuseum:8080
Adding missing Helm repo: chartmuseum.jenkins-x.io http://chartmuseum.jenkins-x.io
WARNING: No secrets found on "helm/repos" due: reading the secret "helm/repos" from vault: no secret "helm/repos" not found in vault
Read credentials for http://chartmuseum.jenkins-x.io from vault helm/repos
Successfully added Helm repository chartmuseum.jenkins-x.io.
